<?xml version="1.0" encoding="UTF-8"?>
<testng-results ignored="0" total="2" passed="1" failed="1" skipped="0">
  <reporter-output>
  </reporter-output>
  <suite started-at="2024-03-20T13:26:30 IST" name="All Test Suite" finished-at="2024-03-20T13:27:28 IST" duration-ms="57939">
    <groups>
      <group name="regression">
        <method signature="TC_RF_001_AccountRegistrationTest.verifyAccountRegistration()[pri:0, instance:testCases.TC_RF_001_AccountRegistrationTest@2928854b]" name="verifyAccountRegistration" class="testCases.TC_RF_001_AccountRegistrationTest"/>
      </group> <!-- regression -->
      <group name="sanity">
        <method signature="TC_LF_001_LogInTest.verifyLogIn()[pri:0, instance:testCases.TC_LF_001_LogInTest@12d4bf7e]" name="verifyLogIn" class="testCases.TC_LF_001_LogInTest"/>
      </group> <!-- sanity -->
      <group name="master">
        <method signature="TC_LF_001_LogInTest.verifyLogIn()[pri:0, instance:testCases.TC_LF_001_LogInTest@12d4bf7e]" name="verifyLogIn" class="testCases.TC_LF_001_LogInTest"/>
        <method signature="TC_RF_001_AccountRegistrationTest.verifyAccountRegistration()[pri:0, instance:testCases.TC_RF_001_AccountRegistrationTest@2928854b]" name="verifyAccountRegistration" class="testCases.TC_RF_001_AccountRegistrationTest"/>
      </group> <!-- master -->
    </groups>
    <test started-at="2024-03-20T13:26:30 IST" name="OpenCart Sanity" finished-at="2024-03-20T13:27:28 IST" duration-ms="57939">
      <class name="testCases.TC_LF_001_LogInTest">
        <test-method is-config="true" signature="setUp(java.lang.String,java.lang.String)[pri:0, instance:testCases.TC_LF_001_LogInTest@12d4bf7e]" started-at="2024-03-20T13:26:30 IST" name="setUp" finished-at="2024-03-20T13:26:43 IST" duration-ms="13154" status="PASS">
          <params>
            <param index="0">
              <value>
                <![CDATA[chrome]]>
              </value>
            </param>
            <param index="1">
              <value>
                <![CDATA[Windows]]>
              </value>
            </param>
          </params>
          <reporter-output>
          </reporter-output>
        </test-method> <!-- setUp -->
        <test-method signature="verifyLogIn()[pri:0, instance:testCases.TC_LF_001_LogInTest@12d4bf7e]" started-at="2024-03-20T13:26:43 IST" name="verifyLogIn" finished-at="2024-03-20T13:27:01 IST" duration-ms="18218" status="FAIL">
          <exception class="java.lang.AssertionError">
            <message>
              <![CDATA[expected [true] but found [false]]]>
            </message>
            <full-stacktrace>
              <![CDATA[java.lang.AssertionError: expected [true] but found [false]
at org.testng.Assert.fail(Assert.java:111)
at org.testng.Assert.failNotEquals(Assert.java:1578)
at org.testng.Assert.assertTrue(Assert.java:57)
at org.testng.Assert.assertTrue(Assert.java:67)
at testCases.TC_LF_001_LogInTest.verifyLogIn(TC_LF_001_LogInTest.java:37)
at java.base/jdk.internal.reflect.DirectMethodHandleAccessor.invoke(DirectMethodHandleAccessor.java:104)
at java.base/java.lang.reflect.Method.invoke(Method.java:578)
at org.testng.internal.invokers.MethodInvocationHelper.invokeMethod(MethodInvocationHelper.java:139)
at org.testng.internal.invokers.TestInvoker.invokeMethod(TestInvoker.java:664)
at org.testng.internal.invokers.TestInvoker.invokeTestMethod(TestInvoker.java:228)
at org.testng.internal.invokers.MethodRunner.runInSequence(MethodRunner.java:63)
at org.testng.internal.invokers.TestInvoker$MethodInvocationAgent.invoke(TestInvoker.java:961)
at org.testng.internal.invokers.TestInvoker.invokeTestMethods(TestInvoker.java:201)
at org.testng.internal.invokers.TestMethodWorker.invokeTestMethods(TestMethodWorker.java:148)
at org.testng.internal.invokers.TestMethodWorker.run(TestMethodWorker.java:128)
at java.base/java.util.ArrayList.forEach(ArrayList.java:1511)
at org.testng.TestRunner.privateRun(TestRunner.java:819)
at org.testng.TestRunner.run(TestRunner.java:619)
at org.testng.SuiteRunner.runTest(SuiteRunner.java:443)
at org.testng.SuiteRunner.runSequentially(SuiteRunner.java:437)
at org.testng.SuiteRunner.privateRun(SuiteRunner.java:397)
at org.testng.SuiteRunner.run(SuiteRunner.java:336)
at org.testng.SuiteRunnerWorker.runSuite(SuiteRunnerWorker.java:52)
at org.testng.SuiteRunnerWorker.run(SuiteRunnerWorker.java:95)
at org.testng.TestNG.runSuitesSequentially(TestNG.java:1301)
at org.testng.TestNG.runSuitesLocally(TestNG.java:1228)
at org.testng.TestNG.runSuites(TestNG.java:1134)
at org.testng.TestNG.run(TestNG.java:1101)
at com.intellij.rt.testng.IDEARemoteTestNG.run(IDEARemoteTestNG.java:66)
at com.intellij.rt.testng.RemoteTestNGStarter.main(RemoteTestNGStarter.java:109)
]]>
            </full-stacktrace>
          </exception> <!-- java.lang.AssertionError -->
          <reporter-output>
          </reporter-output>
        </test-method> <!-- verifyLogIn -->
        <test-method is-config="true" signature="tearDown()[pri:0, instance:testCases.TC_LF_001_LogInTest@12d4bf7e]" started-at="2024-03-20T13:27:01 IST" name="tearDown" finished-at="2024-03-20T13:27:02 IST" duration-ms="466" status="PASS">
          <reporter-output>
          </reporter-output>
        </test-method> <!-- tearDown -->
      </class> <!-- testCases.TC_LF_001_LogInTest -->
      <class name="testCases.TC_RF_001_AccountRegistrationTest">
        <test-method is-config="true" signature="setUp(java.lang.String,java.lang.String)[pri:0, instance:testCases.TC_RF_001_AccountRegistrationTest@2928854b]" started-at="2024-03-20T13:27:02 IST" name="setUp" finished-at="2024-03-20T13:27:14 IST" duration-ms="12107" status="PASS">
          <params>
            <param index="0">
              <value>
                <![CDATA[chrome]]>
              </value>
            </param>
            <param index="1">
              <value>
                <![CDATA[Windows]]>
              </value>
            </param>
          </params>
          <reporter-output>
          </reporter-output>
        </test-method> <!-- setUp -->
        <test-method signature="verifyAccountRegistration()[pri:0, instance:testCases.TC_RF_001_AccountRegistrationTest@2928854b]" started-at="2024-03-20T13:27:14 IST" name="verifyAccountRegistration" finished-at="2024-03-20T13:27:27 IST" duration-ms="13575" status="PASS">
          <reporter-output>
          </reporter-output>
        </test-method> <!-- verifyAccountRegistration -->
        <test-method is-config="true" signature="tearDown()[pri:0, instance:testCases.TC_RF_001_AccountRegistrationTest@2928854b]" started-at="2024-03-20T13:27:27 IST" name="tearDown" finished-at="2024-03-20T13:27:28 IST" duration-ms="343" status="PASS">
          <reporter-output>
          </reporter-output>
        </test-method> <!-- tearDown -->
      </class> <!-- testCases.TC_RF_001_AccountRegistrationTest -->
    </test> <!-- OpenCart Sanity -->
  </suite> <!-- All Test Suite -->
</testng-results>
